This is pdfTeX, Version 3.141592653-2.6-1.40.22 (TeX Live 2021/W32TeX) (preloaded format=pdflatex 2021.6.8)  17 JUL 2021 00:12
entering extended mode
 restricted \write18 enabled.
 %&-line parsing enabled.
**outlier_distortion_v7.tex
(./outlier_distortion_v7.tex
LaTeX2e <2021-06-01>
L3 programming layer <2021-06-01>
(c:/Users/morit/AppData/Roaming/TinyTeX/texmf-dist/tex/latex/base/article.cls
Document Class: article 2021/02/12 v1.4n Standard LaTeX document class
(c:/Users/morit/AppData/Roaming/TinyTeX/texmf-dist/tex/latex/base/size11.clo
File: size11.clo 2021/02/12 v1.4n Standard LaTeX file (size option)
)
\c@part=\count182
\c@section=\count183
\c@subsection=\count184
\c@subsubsection=\count185
\c@paragraph=\count186
\c@subparagraph=\count187
\c@figure=\count188
\c@table=\count189
\abovecaptionskip=\skip47
\belowcaptionskip=\skip48
\bibindent=\dimen138
)
(c:/Users/morit/AppData/Roaming/TinyTeX/texmf-dist/tex/latex/amsfonts/amssymb.s
ty
Package: amssymb 2013/01/14 v3.01 AMS font symbols

(c:/Users/morit/AppData/Roaming/TinyTeX/texmf-dist/tex/latex/amsfonts/amsfonts.
sty
Package: amsfonts 2013/01/14 v3.01 Basic AMSFonts support
\@emptytoks=\toks16
\symAMSa=\mathgroup4
\symAMSb=\mathgroup5
LaTeX Font Info:    Redeclaring math symbol \hbar on input line 98.
LaTeX Font Info:    Overwriting math alphabet `\mathfrak' in version `bold'
(Font)                  U/euf/m/n --> U/euf/b/n on input line 106.
))
(c:/Users/morit/AppData/Roaming/TinyTeX/texmf-dist/tex/latex/amsmath/amsmath.st
y
Package: amsmath 2021/04/20 v2.17j AMS math features
\@mathmargin=\skip49

For additional information on amsmath, use the `?' option.

(c:/Users/morit/AppData/Roaming/TinyTeX/texmf-dist/tex/latex/amsmath/amstext.st
y
Package: amstext 2000/06/29 v2.01 AMS text

(c:/Users/morit/AppData/Roaming/TinyTeX/texmf-dist/tex/latex/amsmath/amsgen.sty
File: amsgen.sty 1999/11/30 v2.0 generic functions
\@emptytoks=\toks17
\ex@=\dimen139
))
(c:/Users/morit/AppData/Roaming/TinyTeX/texmf-dist/tex/latex/amsmath/amsbsy.sty
Package: amsbsy 1999/11/29 v1.2d Bold Symbols
\pmbraise@=\dimen140
)
(c:/Users/morit/AppData/Roaming/TinyTeX/texmf-dist/tex/latex/amsmath/amsopn.sty
Package: amsopn 2016/03/08 v2.02 operator names
)
\inf@bad=\count190
LaTeX Info: Redefining \frac on input line 234.
\uproot@=\count191
\leftroot@=\count192
LaTeX Info: Redefining \overline on input line 399.
\classnum@=\count193
\DOTSCASE@=\count194
LaTeX Info: Redefining \ldots on input line 496.
LaTeX Info: Redefining \dots on input line 499.
LaTeX Info: Redefining \cdots on input line 620.
\Mathstrutbox@=\box50
\strutbox@=\box51
\big@size=\dimen141
LaTeX Font Info:    Redeclaring font encoding OML on input line 743.
LaTeX Font Info:    Redeclaring font encoding OMS on input line 744.
\macc@depth=\count195
\c@MaxMatrixCols=\count196
\dotsspace@=\muskip16
\c@parentequation=\count197
\dspbrk@lvl=\count198
\tag@help=\toks18
\row@=\count199
\column@=\count266
\maxfields@=\count267
\andhelp@=\toks19
\eqnshift@=\dimen142
\alignsep@=\dimen143
\tagshift@=\dimen144
\tagwidth@=\dimen145
\totwidth@=\dimen146
\lineht@=\dimen147
\@envbody=\toks20
\multlinegap=\skip50
\multlinetaggap=\skip51
\mathdisplay@stack=\toks21
LaTeX Info: Redefining \[ on input line 2923.
LaTeX Info: Redefining \] on input line 2924.
)
(c:/Users/morit/AppData/Roaming/TinyTeX/texmf-dist/tex/latex/amscls/amsthm.sty
Package: amsthm 2020/05/29 v2.20.6
\thm@style=\toks22
\thm@bodyfont=\toks23
\thm@headfont=\toks24
\thm@notefont=\toks25
\thm@headpunct=\toks26
\thm@preskip=\skip52
\thm@postskip=\skip53
\thm@headsep=\skip54
\dth@everypar=\toks27
)
(c:/Users/morit/AppData/Roaming/TinyTeX/texmf-dist/tex/latex/graphics/graphicx.
sty
Package: graphicx 2020/12/05 v1.2c Enhanced LaTeX Graphics (DPC,SPQR)

(c:/Users/morit/AppData/Roaming/TinyTeX/texmf-dist/tex/latex/graphics/keyval.st
y
Package: keyval 2014/10/28 v1.15 key=value parser (DPC)
\KV@toks@=\toks28
)
(c:/Users/morit/AppData/Roaming/TinyTeX/texmf-dist/tex/latex/graphics/graphics.
sty
Package: graphics 2021/03/04 v1.4d Standard LaTeX Graphics (DPC,SPQR)

(c:/Users/morit/AppData/Roaming/TinyTeX/texmf-dist/tex/latex/graphics/trig.sty
Package: trig 2016/01/03 v1.10 sin cos tan (DPC)
)
(c:/Users/morit/AppData/Roaming/TinyTeX/texmf-dist/tex/latex/graphics-cfg/graph
ics.cfg
File: graphics.cfg 2016/06/04 v1.11 sample graphics configuration
)
Package graphics Info: Driver file: pdftex.def on input line 107.

(c:/Users/morit/AppData/Roaming/TinyTeX/texmf-dist/tex/latex/graphics-def/pdfte
x.def
File: pdftex.def 2020/10/05 v1.2a Graphics/color driver for pdftex
))
\Gin@req@height=\dimen148
\Gin@req@width=\dimen149
)
(c:/Users/morit/AppData/Roaming/TinyTeX/texmf-dist/tex/latex/apacite/apacite.st
y
Package: apacite 2013/07/21 v6.03 APA citation
\c@BibCnt=\count268
\bibleftmargin=\skip55
\bibindent=\skip56
\bibparsep=\skip57
\bibitemsep=\skip58
\biblabelsep=\skip59
)
(c:/Users/morit/AppData/Roaming/TinyTeX/texmf-dist/tex/latex/natbib/natbib.sty
Package: natbib 2010/09/13 8.31b (PWD, AO)
\bibhang=\skip60
\bibsep=\skip61
LaTeX Info: Redefining \cite on input line 694.
LaTeX Info: Redefining \citeauthor on input line 712.
LaTeX Info: Redefining \citeyear on input line 735.
\c@NAT@ctr=\count269
)
(c:/Users/morit/AppData/Roaming/TinyTeX/texmf-dist/tex/latex/caption/caption.st
y
Package: caption 2020/10/26 v3.5g Customizing captions (AR)

(c:/Users/morit/AppData/Roaming/TinyTeX/texmf-dist/tex/latex/caption/caption3.s
ty
Package: caption3 2020/10/21 v2.2e caption3 kernel (AR)
\captionmargin=\dimen150
\captionmargin@=\dimen151
\captionwidth=\dimen152
\caption@tempdima=\dimen153
\caption@indent=\dimen154
\caption@parindent=\dimen155
\caption@hangindent=\dimen156
Package caption Info: Standard document class detected.
)
\c@caption@flags=\count270
\c@continuedfloat=\count271
)
(c:/Users/morit/AppData/Roaming/TinyTeX/texmf-dist/tex/latex/float/float.sty
Package: float 2001/11/08 v1.3d Float enhancements (AL)
\c@float@type=\count272
\float@exts=\toks29
\float@box=\box52
\@float@everytoks=\toks30
\@floatcapt=\box53
)
(c:/Users/morit/AppData/Roaming/TinyTeX/texmf-dist/tex/latex/xcolor/xcolor.sty
Package: xcolor 2016/05/11 v2.12 LaTeX color extensions (UK)

(c:/Users/morit/AppData/Roaming/TinyTeX/texmf-dist/tex/latex/graphics-cfg/color
.cfg
File: color.cfg 2016/01/02 v1.6 sample color configuration
)
Package xcolor Info: Driver file: pdftex.def on input line 225.
Package xcolor Info: Model `cmy' substituted by `cmy0' on input line 1348.
Package xcolor Info: Model `hsb' substituted by `rgb' on input line 1352.
Package xcolor Info: Model `RGB' extended on input line 1364.
Package xcolor Info: Model `HTML' substituted by `rgb' on input line 1366.
Package xcolor Info: Model `Hsb' substituted by `hsb' on input line 1367.
Package xcolor Info: Model `tHsb' substituted by `hsb' on input line 1368.
Package xcolor Info: Model `HSB' substituted by `hsb' on input line 1369.
Package xcolor Info: Model `Gray' substituted by `gray' on input line 1370.
Package xcolor Info: Model `wave' substituted by `hsb' on input line 1371.
)
(c:/Users/morit/AppData/Roaming/TinyTeX/texmf-dist/tex/latex/tools/array.sty
Package: array 2021/04/20 v2.5e Tabular extension package (FMi)
\col@sep=\dimen157
\ar@mcellbox=\box54
\extrarowheight=\dimen158
\NC@list=\toks31
\extratabsurround=\skip62
\backup@length=\skip63
\ar@cellbox=\box55
)
(c:/Users/morit/AppData/Roaming/TinyTeX/texmf-dist/tex/latex/booktabs/booktabs.
sty
Package: booktabs 2020/01/12 v1.61803398 Publication quality tables
\heavyrulewidth=\dimen159
\lightrulewidth=\dimen160
\cmidrulewidth=\dimen161
\belowrulesep=\dimen162
\belowbottomsep=\dimen163
\aboverulesep=\dimen164
\abovetopsep=\dimen165
\cmidrulesep=\dimen166
\cmidrulekern=\dimen167
\defaultaddspace=\dimen168
\@cmidla=\count273
\@cmidlb=\count274
\@aboverulesep=\dimen169
\@belowrulesep=\dimen170
\@thisruleclass=\count275
\@lastruleclass=\count276
\@thisrulewidth=\dimen171
)
\c@algorithm=\count277
\c@assumption=\count278
\c@lemma=\count279
\c@theorem=\count280
\c@corollary=\count281
\c@remark=\count282

(c:/Users/morit/AppData/Roaming/TinyTeX/texmf-dist/tex/latex/l3backend/l3backen
d-pdftex.def
File: l3backend-pdftex.def 2021-05-07 L3 backend support: PDF output (pdfTeX)
\l__color_backend_stack_int=\count283
\l__pdf_internal_box=\box56
) (./outlier_distortion_v7.aux)
\openout1 = `outlier_distortion_v7.aux'.

LaTeX Font Info:    Checking defaults for OML/cmm/m/it on input line 75.
LaTeX Font Info:    ... okay on input line 75.
LaTeX Font Info:    Checking defaults for OMS/cmsy/m/n on input line 75.
LaTeX Font Info:    ... okay on input line 75.
LaTeX Font Info:    Checking defaults for OT1/cmr/m/n on input line 75.
LaTeX Font Info:    ... okay on input line 75.
LaTeX Font Info:    Checking defaults for T1/cmr/m/n on input line 75.
LaTeX Font Info:    ... okay on input line 75.
LaTeX Font Info:    Checking defaults for TS1/cmr/m/n on input line 75.
LaTeX Font Info:    ... okay on input line 75.
LaTeX Font Info:    Checking defaults for OMX/cmex/m/n on input line 75.
LaTeX Font Info:    ... okay on input line 75.
LaTeX Font Info:    Checking defaults for U/cmr/m/n on input line 75.
LaTeX Font Info:    ... okay on input line 75.

(c:/Users/morit/AppData/Roaming/TinyTeX/texmf-dist/tex/latex/epstopdf-pkg/epsto
pdf-base.sty
Package: epstopdf-base 2020-01-24 v2.11 Base part for package epstopdf
Package epstopdf-base Info: Redefining graphics rule for `.eps' on input line 4
85.

(c:/Users/morit/AppData/Roaming/TinyTeX/texmf-dist/tex/latex/latexconfig/epstop
df-sys.cfg
File: epstopdf-sys.cfg 2010/07/13 v1.3 Configuration of (r)epstopdf for TeX Liv
e
))
\c@maskedRefs=\count284

(c:/Users/morit/AppData/Roaming/TinyTeX/texmf-dist/tex/latex/apacite/english.ap
c
File: english.apc 2013/07/21 v6.03 apacite language file
LaTeX Info: Redefining \BPBI on input line 129.
LaTeX Info: Redefining \BHBI on input line 130.
)
Package caption Info: Begin \AtBeginDocument code.
Package caption Info: float package is loaded.
Package caption Info: End \AtBeginDocument code.
LaTeX Font Info:    Trying to load font information for U+msa on input line 76.


(c:/Users/morit/AppData/Roaming/TinyTeX/texmf-dist/tex/latex/amsfonts/umsa.fd
File: umsa.fd 2013/01/14 v3.01 AMS symbols A
)
LaTeX Font Info:    Trying to load font information for U+msb on input line 76.


(c:/Users/morit/AppData/Roaming/TinyTeX/texmf-dist/tex/latex/amsfonts/umsb.fd
File: umsb.fd 2013/01/14 v3.01 AMS symbols B
)
[1

{c:/Users/morit/AppData/Roaming/TinyTeX/texmf-var/fonts/map/pdftex/updmap/pdfte
x.map}] [2]
<stylized_example_simple_paper_v2.pdf, id=21, 542.35925pt x 300.11826pt>
File: stylized_example_simple_paper_v2.pdf Graphic file (type pdf)
<use stylized_example_simple_paper_v2.pdf>
Package pdftex.def Info: stylized_example_simple_paper_v2.pdf  used on input li
ne 99.
(pdftex.def)             Requested size: 379.64888pt x 210.08134pt.
 [3] [4 <./stylized_example_simple_paper_v2.pdf>] [5] [6] [7]
[8] [9] [10] [11] [12] [13] [14] [15] [16] [17] [18] [19]
<null_distnorm.pdf, id=141, 794.97pt x 397.485pt>
File: null_distnorm.pdf Graphic file (type pdf)
<use null_distnorm.pdf>
Package pdftex.def Info: null_distnorm.pdf  used on input line 648.
(pdftex.def)             Requested size: 416.9055pt x 208.45833pt.
 [20 <./null_distnorm.pdf>]
<boot_null.pdf, id=152, 939.51pt x 397.485pt>
File: boot_null.pdf Graphic file (type pdf)
<use boot_null.pdf>
Package pdftex.def Info: boot_null.pdf  used on input line 663.
(pdftex.def)             Requested size: 416.9055pt x 176.37988pt.
<alt_ar0_nreg5_palpha0.05_distnorm_outprop0.1.pdf, id=153, 794.97pt x 397.485pt
>
File: alt_ar0_nreg5_palpha0.05_distnorm_outprop0.1.pdf Graphic file (type pdf)
<use alt_ar0_nreg5_palpha0.05_distnorm_outprop0.1.pdf>
Package pdftex.def Info: alt_ar0_nreg5_palpha0.05_distnorm_outprop0.1.pdf  used
 on input line 674.
(pdftex.def)             Requested size: 416.9055pt x 208.45833pt.
<alt_ar1_nreg5_palpha0.05_distnorm_outprop0.1.pdf, id=154, 794.97pt x 397.485pt
>
File: alt_ar1_nreg5_palpha0.05_distnorm_outprop0.1.pdf Graphic file (type pdf)
<use alt_ar1_nreg5_palpha0.05_distnorm_outprop0.1.pdf>
Package pdftex.def Info: alt_ar1_nreg5_palpha0.05_distnorm_outprop0.1.pdf  used
 on input line 682.
(pdftex.def)             Requested size: 416.9055pt x 208.45833pt.
<boot_alt_lambda4.pdf, id=155, 867.24pt x 505.89pt>
File: boot_alt_lambda4.pdf Graphic file (type pdf)
<use boot_alt_lambda4.pdf>
Package pdftex.def Info: boot_alt_lambda4.pdf  used on input line 692.
(pdftex.def)             Requested size: 416.9055pt x 243.19496pt.
<boot_alt_lambda6.pdf, id=156, 867.24pt x 505.89pt>
File: boot_alt_lambda6.pdf Graphic file (type pdf)
<use boot_alt_lambda6.pdf>
Package pdftex.def Info: boot_alt_lambda6.pdf  used on input line 700.
(pdftex.def)             Requested size: 416.9055pt x 243.19496pt.
 [21 <./boot_null.pdf>] [22 <./alt_ar0_nreg5_palpha0.05_distnorm_outprop0.1.pdf
> <./alt_ar1_nreg5_palpha0.05_distnorm_outprop0.1.pdf>] [23 <./boot_alt_lambda4
.pdf> <./boot_alt_lambda6.pdf>] [24] [25] (./application_main_table.tex)
<heat1_adapt.pdf, id=206, 578.16pt x 722.7pt>
File: heat1_adapt.pdf Graphic file (type pdf)
<use heat1_adapt.pdf>
Package pdftex.def Info: heat1_adapt.pdf  used on input line 758.
(pdftex.def)             Requested size: 416.9055pt x 521.12656pt.
<ctry_map_adapt.pdf, id=207, 505.89pt x 289.08pt>
File: ctry_map_adapt.pdf Graphic file (type pdf)
<use ctry_map_adapt.pdf>
Package pdftex.def Info: ctry_map_adapt.pdf  used on input line 766.
(pdftex.def)             Requested size: 416.9055pt x 238.2381pt.

[26] [27 <./heat1_adapt.pdf>] [28 <./ctry_map_adapt.pdf>]
<eff.adapt.v2.pdf, id=228, 867.24pt x 578.16pt>
File: eff.adapt.v2.pdf Graphic file (type pdf)
<use eff.adapt.v2.pdf>
Package pdftex.def Info: eff.adapt.v2.pdf  used on input line 782.
(pdftex.def)             Requested size: 416.9055pt x 277.9371pt.
<coef.adapt.pdf, id=229, 722.7pt x 361.35pt>
File: coef.adapt.pdf Graphic file (type pdf)
<use coef.adapt.pdf>
Package pdftex.def Info: coef.adapt.pdf  used on input line 793.
(pdftex.def)             Requested size: 416.9055pt x 208.45282pt.
<Map_IISBase_noprcp_diff.pdf, id=230, 433.62pt x 361.35pt>
File: Map_IISBase_noprcp_diff.pdf Graphic file (type pdf)
<use Map_IISBase_noprcp_diff.pdf>
Package pdftex.def Info: Map_IISBase_noprcp_diff.pdf  used on input line 803.
(pdftex.def)             Requested size: 416.9055pt x 347.43793pt.
 [29

 <./eff.adapt.v2.pdf>] [30 <./coef.adapt.pdf> <./Map_IISBase_noprcp_diff.pdf>]
<projections_noprcp_main.pdf, id=266, 433.62pt x 289.08pt>
File: projections_noprcp_main.pdf Graphic file (type pdf)
<use projections_noprcp_main.pdf>
Package pdftex.def Info: projections_noprcp_main.pdf  used on input line 826.
(pdftex.def)             Requested size: 416.9055pt x 277.95032pt.

(./application_secondary_table.tex) [31] [32 <./projections_noprcp_main.pdf>]
[33

] (./outlier_distortion_v7.bbl [34] [35] [36]) [37] [38] [39] [40] [41]
[42] [43] [44] [45] [46] [47]
<alt_ar0_nreg5_palpha0.05_distnorm_outprop0.15.pdf, id=330, 794.97pt x 397.485p
t>
File: alt_ar0_nreg5_palpha0.05_distnorm_outprop0.15.pdf Graphic file (type pdf)

<use alt_ar0_nreg5_palpha0.05_distnorm_outprop0.15.pdf>
Package pdftex.def Info: alt_ar0_nreg5_palpha0.05_distnorm_outprop0.15.pdf  use
d on input line 1298.
(pdftex.def)             Requested size: 416.9055pt x 208.45833pt.
<alt_ar0_nreg1_palpha0.05_distnorm_outprop0.1.pdf, id=331, 794.97pt x 397.485pt
>
File: alt_ar0_nreg1_palpha0.05_distnorm_outprop0.1.pdf Graphic file (type pdf)
<use alt_ar0_nreg1_palpha0.05_distnorm_outprop0.1.pdf>
Package pdftex.def Info: alt_ar0_nreg1_palpha0.05_distnorm_outprop0.1.pdf  used
 on input line 1308.
(pdftex.def)             Requested size: 416.9055pt x 208.45833pt.
<alt_ar0.5_nreg5_palpha0.05_distnorm_outprop0.1.pdf, id=332, 794.97pt x 397.485
pt>
File: alt_ar0.5_nreg5_palpha0.05_distnorm_outprop0.1.pdf Graphic file (type pdf
)
<use alt_ar0.5_nreg5_palpha0.05_distnorm_outprop0.1.pdf>
Package pdftex.def Info: alt_ar0.5_nreg5_palpha0.05_distnorm_outprop0.1.pdf  us
ed on input line 1318.
(pdftex.def)             Requested size: 416.9055pt x 208.45833pt.
<boot_alt_lambda2.pdf, id=333, 867.24pt x 505.89pt>
File: boot_alt_lambda2.pdf Graphic file (type pdf)
<use boot_alt_lambda2.pdf>
Package pdftex.def Info: boot_alt_lambda2.pdf  used on input line 1328.
(pdftex.def)             Requested size: 416.9055pt x 243.19496pt.
<boot_alt_lambda3.pdf, id=334, 867.24pt x 505.89pt>
File: boot_alt_lambda3.pdf Graphic file (type pdf)
<use boot_alt_lambda3.pdf>
Package pdftex.def Info: boot_alt_lambda3.pdf  used on input line 1336.
(pdftex.def)             Requested size: 416.9055pt x 243.19496pt.
 [48

 <./alt_ar0_nreg5_palpha0.05_distnorm_outprop0.15.pdf>] [49 <./alt_ar0_nreg1_pa
lpha0.05_distnorm_outprop0.1.pdf> <./alt_ar0.5_nreg5_palpha0.05_distnorm_outpro
p0.1.pdf>] [50 <./boot_alt_lambda2.pdf> <./boot_alt_lambda3.pdf>]
<coef.adapt.L1.pdf, id=376, 722.7pt x 361.35pt>
File: coef.adapt.L1.pdf Graphic file (type pdf)
<use coef.adapt.L1.pdf>
Package pdftex.def Info: coef.adapt.L1.pdf  used on input line 1359.
(pdftex.def)             Requested size: 416.9055pt x 208.45282pt.
<eff.adapt.L1.v2.pdf, id=377, 867.24pt x 578.16pt>
File: eff.adapt.L1.v2.pdf Graphic file (type pdf)
<use eff.adapt.L1.v2.pdf>
Package pdftex.def Info: eff.adapt.L1.v2.pdf  used on input line 1367.
(pdftex.def)             Requested size: 416.9055pt x 277.9371pt.
<heat1.pdf, id=378, 578.16pt x 722.7pt>
File: heat1.pdf Graphic file (type pdf)
<use heat1.pdf>
Package pdftex.def Info: heat1.pdf  used on input line 1377.
(pdftex.def)             Requested size: 416.9055pt x 521.12656pt.
<ctry_map.pdf, id=379, 505.89pt x 289.08pt>
File: ctry_map.pdf Graphic file (type pdf)
<use ctry_map.pdf>
Package pdftex.def Info: ctry_map.pdf  used on input line 1385.
(pdftex.def)             Requested size: 416.9055pt x 238.2381pt.
<heat1_adapt.L1.pdf, id=380, 578.16pt x 722.7pt>
File: heat1_adapt.L1.pdf Graphic file (type pdf)
<use heat1_adapt.L1.pdf>
Package pdftex.def Info: heat1_adapt.L1.pdf  used on input line 1394.
(pdftex.def)             Requested size: 416.9055pt x 521.12656pt.
<ctry_map_adapt.L1.pdf, id=381, 505.89pt x 289.08pt>
File: ctry_map_adapt.L1.pdf Graphic file (type pdf)
<use ctry_map_adapt.L1.pdf>
Package pdftex.def Info: ctry_map_adapt.L1.pdf  used on input line 1402.
(pdftex.def)             Requested size: 416.9055pt x 238.2381pt.
<projections_noprcp_appendix.pdf, id=382, 433.62pt x 289.08pt>
File: projections_noprcp_appendix.pdf Graphic file (type pdf)
<use projections_noprcp_appendix.pdf>
Package pdftex.def Info: projections_noprcp_appendix.pdf  used on input line 14
10.
(pdftex.def)             Requested size: 416.9055pt x 277.95032pt.
<projections_withprcp_main.pdf, id=383, 433.62pt x 289.08pt>
File: projections_withprcp_main.pdf Graphic file (type pdf)
<use projections_withprcp_main.pdf>
Package pdftex.def Info: projections_withprcp_main.pdf  used on input line 1418
.
(pdftex.def)             Requested size: 416.9055pt x 277.95032pt.
<projections_withprcp_appendix.pdf, id=384, 433.62pt x 289.08pt>
File: projections_withprcp_appendix.pdf Graphic file (type pdf)
<use projections_withprcp_appendix.pdf>
Package pdftex.def Info: projections_withprcp_appendix.pdf  used on input line 
1427.
(pdftex.def)             Requested size: 416.9055pt x 277.95032pt.
<Map_IISBase_withprcp_diff.pdf, id=385, 433.62pt x 361.35pt>
File: Map_IISBase_withprcp_diff.pdf Graphic file (type pdf)
<use Map_IISBase_withprcp_diff.pdf>
Package pdftex.def Info: Map_IISBase_withprcp_diff.pdf  used on input line 1436
.
(pdftex.def)             Requested size: 416.9055pt x 347.43793pt.
 [51

 <./coef.adapt.L1.pdf>] [52 <./eff.adapt.L1.v2.pdf>]
[53 <./heat1.pdf>] [54 <./ctry_map.pdf>] [55 <./heat1_adapt.L1.pdf>] [56 <./ctr
y_map_adapt.L1.pdf> <./projections_noprcp_appendix.pdf>] [57 <./projections_wit
hprcp_main.pdf> <./projections_withprcp_appendix.pdf

pdfTeX warning: pdflatex.exe (file ./projections_withprcp_appendix.pdf): PDF in
clusion: multiple pdfs with page group included in a single page
>] [58 <./Map_IISBase_withprcp_diff.pdf>] (./outlier_distortion_v7.aux) ) 
Here is how much of TeX's memory you used:
 5390 strings out of 480403
 87541 string characters out of 5894552
 404567 words of memory out of 5000000
 23006 multiletter control sequences out of 15000+600000
 419680 words of font info for 87 fonts, out of 8000000 for 9000
 59 hyphenation exceptions out of 8191
 57i,15n,66p,2805b,372s stack positions out of 5000i,500n,10000p,200000b,80000s
 <c:/U
sers/morit/AppData/Roaming/TinyTeX/texmf-var/fonts/pk/ljfour/jknappen/ec/tcrm09
00.600pk> <c:/Users/morit/AppData/Roaming/TinyTeX/texmf-var/fonts/pk/ljfour/jkn
appen/ec/tcrm1095.600pk> <c:/Users/morit/AppData/Roaming/TinyTeX/texmf-var/font
s/pk/ljfour/jknappen/ec/tcrm0600.600pk> <c:/Users/morit/AppData/Roaming/TinyTeX
/texmf-var/fonts/pk/ljfour/jknappen/ec/tcrm1000.600pk> <c:/Users/morit/AppData/
Roaming/TinyTeX/texmf-var/fonts/pk/ljfour/jknappen/ec/tcrm0800.600pk><c:/Users/
morit/AppData/Roaming/TinyTeX/texmf-dist/fonts/type1/public/amsfonts/cm/cmbx10.
pfb><c:/Users/morit/AppData/Roaming/TinyTeX/texmf-dist/fonts/type1/public/amsfo
nts/cm/cmbx12.pfb><c:/Users/morit/AppData/Roaming/TinyTeX/texmf-dist/fonts/type
1/public/amsfonts/cm/cmbxti10.pfb><c:/Users/morit/AppData/Roaming/TinyTeX/texmf
-dist/fonts/type1/public/amsfonts/cm/cmex10.pfb><c:/Users/morit/AppData/Roaming
/TinyTeX/texmf-dist/fonts/type1/public/amsfonts/cmextra/cmex8.pfb><c:/Users/mor
it/AppData/Roaming/TinyTeX/texmf-dist/fonts/type1/public/amsfonts/cmextra/cmex9
.pfb><c:/Users/morit/AppData/Roaming/TinyTeX/texmf-dist/fonts/type1/public/amsf
onts/cm/cmmi10.pfb><c:/Users/morit/AppData/Roaming/TinyTeX/texmf-dist/fonts/typ
e1/public/amsfonts/cm/cmmi6.pfb><c:/Users/morit/AppData/Roaming/TinyTeX/texmf-d
ist/fonts/type1/public/amsfonts/cm/cmmi7.pfb><c:/Users/morit/AppData/Roaming/Ti
nyTeX/texmf-dist/fonts/type1/public/amsfonts/cm/cmmi8.pfb><c:/Users/morit/AppDa
ta/Roaming/TinyTeX/texmf-dist/fonts/type1/public/amsfonts/cm/cmmi9.pfb><c:/User
s/morit/AppData/Roaming/TinyTeX/texmf-dist/fonts/type1/public/amsfonts/cm/cmr10
.pfb><c:/Users/morit/AppData/Roaming/TinyTeX/texmf-dist/fonts/type1/public/amsf
onts/cm/cmr12.pfb><c:/Users/morit/AppData/Roaming/TinyTeX/texmf-dist/fonts/type
1/public/amsfonts/cm/cmr5.pfb><c:/Users/morit/AppData/Roaming/TinyTeX/texmf-dis
t/fonts/type1/public/amsfonts/cm/cmr6.pfb><c:/Users/morit/AppData/Roaming/TinyT
eX/texmf-dist/fonts/type1/public/amsfonts/cm/cmr7.pfb><c:/Users/morit/AppData/R
oaming/TinyTeX/texmf-dist/fonts/type1/public/amsfonts/cm/cmr8.pfb><c:/Users/mor
it/AppData/Roaming/TinyTeX/texmf-dist/fonts/type1/public/amsfonts/cm/cmr9.pfb><
c:/Users/morit/AppData/Roaming/TinyTeX/texmf-dist/fonts/type1/public/amsfonts/c
m/cmss10.pfb><c:/Users/morit/AppData/Roaming/TinyTeX/texmf-dist/fonts/type1/pub
lic/amsfonts/cm/cmss8.pfb><c:/Users/morit/AppData/Roaming/TinyTeX/texmf-dist/fo
nts/type1/public/amsfonts/cm/cmss9.pfb><c:/Users/morit/AppData/Roaming/TinyTeX/
texmf-dist/fonts/type1/public/amsfonts/cm/cmsy10.pfb><c:/Users/morit/AppData/Ro
aming/TinyTeX/texmf-dist/fonts/type1/public/amsfonts/cm/cmsy6.pfb><c:/Users/mor
it/AppData/Roaming/TinyTeX/texmf-dist/fonts/type1/public/amsfonts/cm/cmsy7.pfb>
<c:/Users/morit/AppData/Roaming/TinyTeX/texmf-dist/fonts/type1/public/amsfonts/
cm/cmsy8.pfb><c:/Users/morit/AppData/Roaming/TinyTeX/texmf-dist/fonts/type1/pub
lic/amsfonts/cm/cmsy9.pfb><c:/Users/morit/AppData/Roaming/TinyTeX/texmf-dist/fo
nts/type1/public/amsfonts/cm/cmti10.pfb><c:/Users/morit/AppData/Roaming/TinyTeX
/texmf-dist/fonts/type1/public/amsfonts/cm/cmtt10.pfb><c:/Users/morit/AppData/R
oaming/TinyTeX/texmf-dist/fonts/type1/public/amsfonts/symbols/msam10.pfb><c:/Us
ers/morit/AppData/Roaming/TinyTeX/texmf-dist/fonts/type1/public/amsfonts/symbol
s/msbm10.pfb>
Output written on outlier_distortion_v7.pdf (58 pages, 11963079 bytes).
PDF statistics:
 634 PDF objects out of 1000 (max. 8388607)
 419 compressed objects within 5 object streams
 0 named destinations out of 1000 (max. 500000)
 141 words of extra memory for PDF output out of 10000 (max. 10000000)

